[INFO] Scanning for projects...
[INFO] 
[INFO] -------------------------< nl.hu.cisq1:lingo >--------------------------
[INFO] Building lingo 0.0.1-SNAPSHOT
[INFO] --------------------------------[ jar ]---------------------------------
[INFO] 
[INFO] --- maven-clean-plugin:3.1.0:clean (default-clean) @ lingo ---
[INFO] Deleting C:\Users\tygos\Desktop\projects\cisq1-lingo\target
[INFO] 
[INFO] --- jacoco-maven-plugin:0.8.6:prepare-agent (pre-unit-test) @ lingo ---
[INFO] argLine set to -javaagent:C:\\Users\\tygos\\.m2\\repository\\org\\jacoco\\org.jacoco.agent\\0.8.6\\org.jacoco.agent-0.8.6-runtime.jar=destfile=C:\\Users\\tygos\\Desktop\\projects\\cisq1-lingo\\target\\jacoco.exec
[INFO] 
[INFO] --- maven-resources-plugin:3.2.0:resources (default-resources) @ lingo ---
[INFO] Using 'UTF-8' encoding to copy filtered resources.
[INFO] Using 'UTF-8' encoding to copy filtered properties files.
[INFO] Copying 2 resources
[INFO] Copying 0 resource
[INFO] The encoding used to copy filtered properties files have not been set. This means that the same encoding will be used to copy filtered properties files as when copying other filtered resources. This might not be what you want! Run your build with --debug to see which files might be affected. Read more at https://maven.apache.org/plugins/maven-resources-plugin/examples/filtering-properties-files.html
[INFO] 
[INFO] --- maven-compiler-plugin:3.8.1:compile (default-compile) @ lingo ---
[INFO] Changes detected - recompiling the module!
[INFO] Compiling 24 source files to C:\Users\tygos\Desktop\projects\cisq1-lingo\target\classes
[INFO] 
[INFO] --- maven-resources-plugin:3.2.0:testResources (default-testResources) @ lingo ---
[INFO] Using 'UTF-8' encoding to copy filtered resources.
[INFO] Using 'UTF-8' encoding to copy filtered properties files.
[INFO] Copying 1 resource
[INFO] 
[INFO] --- maven-compiler-plugin:3.8.1:testCompile (default-testCompile) @ lingo ---
[INFO] Changes detected - recompiling the module!
[INFO] Compiling 16 source files to C:\Users\tygos\Desktop\projects\cisq1-lingo\target\test-classes
[INFO] 
[INFO] --- maven-surefire-plugin:2.22.2:test (default-test) @ lingo ---
[INFO] 
[INFO] -------------------------------------------------------
[INFO]  T E S T S
[INFO] -------------------------------------------------------
[INFO] Running nl.hu.cisq1.lingo.trainer.application.TrainerServiceIntegrationTest
15:20:13.118 [main] DEBUG org.springframework.test.context.BootstrapUtils - Instantiating CacheAwareContextLoaderDelegate from class [org.springframework.test.context.cache.DefaultCacheAwareContextLoaderDelegate]
15:20:13.145 [main] DEBUG org.springframework.test.context.BootstrapUtils - Instantiating BootstrapContext using constructor [public org.springframework.test.context.support.DefaultBootstrapContext(java.lang.Class,org.springframework.test.context.CacheAwareContextLoaderDelegate)]
15:20:13.201 [main] DEBUG org.springframework.test.context.BootstrapUtils - Instantiating TestContextBootstrapper for test class [nl.hu.cisq1.lingo.trainer.application.TrainerServiceIntegrationTest] from class [org.springframework.boot.test.context.SpringBootTestContextBootstrapper]
15:20:13.218 [main] INFO org.springframework.boot.test.context.SpringBootTestContextBootstrapper - Neither @ContextConfiguration nor @ContextHierarchy found for test class [nl.hu.cisq1.lingo.trainer.application.TrainerServiceIntegrationTest], using SpringBootContextLoader
15:20:13.225 [main] DEBUG org.springframework.test.context.support.AbstractContextLoader - Did not detect default resource location for test class [nl.hu.cisq1.lingo.trainer.application.TrainerServiceIntegrationTest]: class path resource [nl/hu/cisq1/lingo/trainer/application/TrainerServiceIntegrationTest-context.xml] does not exist
15:20:13.225 [main] DEBUG org.springframework.test.context.support.AbstractContextLoader - Did not detect default resource location for test class [nl.hu.cisq1.lingo.trainer.application.TrainerServiceIntegrationTest]: class path resource [nl/hu/cisq1/lingo/trainer/application/TrainerServiceIntegrationTestContext.groovy] does not exist
15:20:13.225 [main] INFO org.springframework.test.context.support.AbstractContextLoader - Could not detect default resource locations for test class [nl.hu.cisq1.lingo.trainer.application.TrainerServiceIntegrationTest]: no resource found for suffixes {-context.xml, Context.groovy}.
15:20:13.226 [main] INFO org.springframework.test.context.support.AnnotationConfigContextLoaderUtils - Could not detect default configuration classes for test class [nl.hu.cisq1.lingo.trainer.application.TrainerServiceIntegrationTest]: TrainerServiceIntegrationTest does not declare any static, non-private, non-final, nested classes annotated with @Configuration.
15:20:13.286 [main] DEBUG org.springframework.test.context.support.ActiveProfilesUtils - Could not find an 'annotation declaring class' for annotation type [org.springframework.test.context.ActiveProfiles] and class [nl.hu.cisq1.lingo.trainer.application.TrainerServiceIntegrationTest]
15:20:13.371 [main] DEBUG org.springframework.context.annotation.ClassPathScanningCandidateComponentProvider - Identified candidate component class: file [C:\Users\tygos\Desktop\projects\cisq1-lingo\target\classes\nl\hu\cisq1\lingo\LingoApplication.class]
15:20:13.372 [main] INFO org.springframework.boot.test.context.SpringBootTestContextBootstrapper - Found @SpringBootConfiguration nl.hu.cisq1.lingo.LingoApplication for test class nl.hu.cisq1.lingo.trainer.application.TrainerServiceIntegrationTest
15:20:13.529 [main] DEBUG org.springframework.boot.test.context.SpringBootTestContextBootstrapper - @TestExecutionListeners is not present for class [nl.hu.cisq1.lingo.trainer.application.TrainerServiceIntegrationTest]: using defaults.
15:20:13.529 [main] INFO org.springframework.boot.test.context.SpringBootTestContextBootstrapper - Loaded default TestExecutionListener class names from location [META-INF/spring.factories]: [org.springframework.boot.test.mock.mockito.MockitoTestExecutionListener, org.springframework.boot.test.mock.mockito.ResetMocksTestExecutionListener, org.springframework.boot.test.autoconfigure.restdocs.RestDocsTestExecutionListener, org.springframework.boot.test.autoconfigure.web.client.MockRestServiceServerResetTestExecutionListener, org.springframework.boot.test.autoconfigure.web.servlet.MockMvcPrintOnlyOnFailureTestExecutionListener, org.springframework.boot.test.autoconfigure.web.servlet.WebDriverTestExecutionListener, org.springframework.boot.test.autoconfigure.webservices.client.MockWebServiceServerTestExecutionListener, org.springframework.test.context.web.ServletTestExecutionListener, org.springframework.test.context.support.DirtiesContextBeforeModesTestExecutionListener, org.springframework.test.context.support.DependencyInjectionTestExecutionListener, org.springframework.test.context.support.DirtiesContextTestExecutionListener, org.springframework.test.context.transaction.TransactionalTestExecutionListener, org.springframework.test.context.jdbc.SqlScriptsTestExecutionListener, org.springframework.test.context.event.EventPublishingTestExecutionListener]
15:20:13.555 [main] INFO org.springframework.boot.test.context.SpringBootTestContextBootstrapper - Using TestExecutionListeners: [org.springframework.test.context.web.ServletTestExecutionListener@a7bbdbc, org.springframework.test.context.support.DirtiesContextBeforeModesTestExecutionListener@63eea8c4, org.springframework.boot.test.mock.mockito.MockitoTestExecutionListener@19924f15, org.springframework.boot.test.autoconfigure.SpringBootDependencyInjectionTestExecutionListener@621392ea, org.springframework.test.context.support.DirtiesContextTestExecutionListener@35524549, org.springframework.test.context.transaction.TransactionalTestExecutionListener@23ec63af, org.springframework.test.context.jdbc.SqlScriptsTestExecutionListener@280d6a20, org.springframework.test.context.event.EventPublishingTestExecutionListener@56f72909, org.springframework.boot.test.mock.mockito.ResetMocksTestExecutionListener@71285693, org.springframework.boot.test.autoconfigure.restdocs.RestDocsTestExecutionListener@3199a202, org.springframework.boot.test.autoconfigure.web.client.MockRestServiceServerResetTestExecutionListener@7286827b, org.springframework.boot.test.autoconfigure.web.servlet.MockMvcPrintOnlyOnFailureTestExecutionListener@1dd64243, org.springframework.boot.test.autoconfigure.web.servlet.WebDriverTestExecutionListener@2ef913a4, org.springframework.boot.test.autoconfigure.webservices.client.MockWebServiceServerTestExecutionListener@520c3dcb]
15:20:13.560 [main] DEBUG org.springframework.test.context.support.AbstractDirtiesContextTestExecutionListener - Before test class: context [DefaultTestContext@7d5ef1c3 testClass = TrainerServiceIntegrationTest, testInstance = [null], testMethod = [null], testException = [null], mergedContextConfiguration = [WebMergedContextConfiguration@33eab2e8 testClass = TrainerServiceIntegrationTest, locations = '{}', classes = '{class nl.hu.cisq1.lingo.LingoApplication}', contextInitializerClasses = '[]', activeProfiles = '{}', propertySourceLocations = '{}', propertySourceProperties = '{org.springframework.boot.test.context.SpringBootTestContextBootstrapper=true}', contextCustomizers = set[[ImportsContextCustomizer@34bf66af key = [nl.hu.cisq1.lingo.CiTestConfiguration]], org.springframework.boot.test.context.filter.ExcludeFilterContextCustomizer@234c5e41, org.springframework.boot.test.json.DuplicateJsonObjectContextCustomizerFactory$DuplicateJsonObjectContextCustomizer@77d381e6, org.springframework.boot.test.mock.mockito.MockitoContextCustomizer@0, org.springframework.boot.test.web.client.TestRestTemplateContextCustomizer@36ef1d65, org.springframework.boot.test.autoconfigure.actuate.metrics.MetricsExportContextCustomizerFactory$DisableMetricExportContextCustomizer@3db432c2, org.springframework.boot.test.autoconfigure.properties.PropertyMappingContextCustomizer@0, org.springframework.boot.test.autoconfigure.web.servlet.WebDriverContextCustomizerFactory$Customizer@cfd1075, org.springframework.boot.test.context.SpringBootTestArgs@1, org.springframework.boot.test.context.SpringBootTestWebEnvironment@3542162a], resourceBasePath = 'src/main/webapp', contextLoader = 'org.springframework.boot.test.context.SpringBootContextLoader', parent = [null]], attributes = map['org.springframework.test.context.web.ServletTestExecutionListener.activateListener' -> true]], class annotated with @DirtiesContext [false] with mode [null].
15:20:13.602 [main] DEBUG org.springframework.test.context.support.TestPropertySourceUtils - Adding inlined properties to environment: {spring.jmx.enabled=false, org.springframework.boot.test.context.SpringBootTestContextBootstrapper=true}

  .   ____          _            __ _ _
 /\\ / ___'_ __ _ _(_)_ __  __ _ \ \ \ \
( ( )\___ | '_ | '_| | '_ \/ _` | \ \ \ \
 \\/  ___)| |_)| | | | | || (_| |  ) ) ) )
  '  |____| .__|_| |_|_| |_\__, | / / / /
 =========|_|==============|___/=/_/_/_/
 :: Spring Boot ::                (v2.4.1)

2021-07-02 15:20:13.958  INFO 27244 --- [           main] .h.c.l.t.a.TrainerServiceIntegrationTest : Starting TrainerServiceIntegrationTest using Java 14.0.1 on DESKTOP-QLSIH1B with PID 27244 (started by tygos in C:\Users\tygos\Desktop\projects\cisq1-lingo)
2021-07-02 15:20:13.961  INFO 27244 --- [           main] .h.c.l.t.a.TrainerServiceIntegrationTest : No active profile set, falling back to default profiles: default
2021-07-02 15:20:14.782  INFO 27244 --- [           main] .s.d.r.c.RepositoryConfigurationDelegate : Bootstrapping Spring Data JPA repositories in DEFAULT mode.
2021-07-02 15:20:14.849  INFO 27244 --- [           main] .s.d.r.c.RepositoryConfigurationDelegate : Finished Spring Data repository scanning in 60 ms. Found 2 JPA repository interfaces.
2021-07-02 15:20:15.592  INFO 27244 --- [           main] o.hibernate.jpa.internal.util.LogHelper  : HHH000204: Processing PersistenceUnitInfo [name: default]
2021-07-02 15:20:15.679  INFO 27244 --- [           main] org.hibernate.Version                    : HHH000412: Hibernate ORM core version 5.4.25.Final
2021-07-02 15:20:15.856  INFO 27244 --- [           main] o.hibernate.annotations.common.Version   : HCANN000001: Hibernate Commons Annotations {5.1.2.Final}
2021-07-02 15:20:16.043  INFO 27244 --- [           main] com.zaxxer.hikari.HikariDataSource       : HikariPool-1 - Starting...
2021-07-02 15:20:16.202  INFO 27244 --- [           main] com.zaxxer.hikari.HikariDataSource       : HikariPool-1 - Start completed.
2021-07-02 15:20:16.270  INFO 27244 --- [           main] org.hibernate.dialect.Dialect            : HHH000400: Using dialect: org.hibernate.dialect.PostgreSQL10Dialect
2021-07-02 15:20:17.277  INFO 27244 --- [           main] o.h.e.t.j.p.i.JtaPlatformInitiator       : HHH000490: Using JtaPlatform implementation: [org.hibernate.engine.transaction.jta.platform.internal.NoJtaPlatform]
2021-07-02 15:20:17.287  INFO 27244 --- [           main] j.LocalContainerEntityManagerFactoryBean : Initialized JPA EntityManagerFactory for persistence unit 'default'
2021-07-02 15:20:17.946  WARN 27244 --- [           main] JpaBaseConfiguration$JpaWebConfiguration : spring.jpa.open-in-view is enabled by default. Therefore, database queries may be performed during view rendering. Explicitly configure spring.jpa.open-in-view to disable this warning
